2024-10-28 10:53:13,969 - INFO - Initiating image upload to the Artifactory
2024-10-28 10:53:14,618 - INFO - File size: 3.60 GB
2024-10-28 10:53:16,074 - INFO - Downloading file to /home/noc_admin/image_scanner_project/downloads/Rocky94UVM-08.24.tar.gz
2024-10-28 11:03:41,044 - INFO - Downloaded file to /home/noc_admin/image_scanner_project/downloads/Rocky94UVM-08.24.tar.gz
2024-10-28 11:03:42,711 - INFO - Attempting to analyze tar file: /home/noc_admin/image_scanner_project/downloads/Rocky94UVM-08.24.tar.gz
2024-10-28 11:04:27,539 - INFO - Initiating image upload to the Artifactory
2024-10-28 11:04:28,153 - INFO - File size: 7.29 GB
2024-10-28 11:04:29,710 - INFO - Downloading file to /home/noc_admin/image_scanner_project/downloads/Win2012_Std_NGT_AHV_RDP.tar.gz
2024-10-28 11:06:46,692 - INFO - Number of files in archive: 1
2024-10-28 11:06:46,693 - INFO - Total size of files: 15360.00 MB
2024-10-28 11:06:48,107 - INFO - Proceeding with file: Rocky94UVM-08.24/Rocky94UVM-08.24.img
2024-10-28 11:06:49,573 - INFO - Extracting Rocky94UVM-08.24/Rocky94UVM-08.24.img from /home/noc_admin/image_scanner_project/downloads/Rocky94UVM-08.24.tar.gz to /home/noc_admin/image_scanner_project/static/scanIt/extracted_images/
2024-10-28 11:07:13,079 - INFO - Initiating image upload to the Artifactory
2024-10-28 11:07:13,699 - INFO - File size: 3.35 GB
2024-10-28 11:07:15,127 - INFO - Downloading file to /home/noc_admin/image_scanner_project/downloads/Win2008R2_Std_NGT_AHV.tar.gz
2024-10-28 11:10:49,442 - INFO - Extraction completed for Rocky94UVM-08.24/Rocky94UVM-08.24.img to /home/noc_admin/image_scanner_project/static/scanIt/extracted_images/
2024-10-28 11:10:50,165 - INFO - Deleted tar file from download path: /home/noc_admin/image_scanner_project/downloads/Rocky94UVM-08.24.tar.gz
2024-10-28 11:10:50,217 - INFO - Extracted image URL: http://10.67.22.100/static/scanIt/extracted_images/Rocky94UVM-08.24/Rocky94UVM-08.24.img
2024-10-28 11:12:57,202 - INFO - Image successfully uploaded to Artifactory https://repos.ntnxdpro.com/artifactory/vmtemplates-qa-vm-images/milos.mladenovic/kvm/Rocky94UVM-08.24.tar.gz.
2024-10-28 11:15:14,116 - INFO - Deleted file: /home/noc_admin/image_scanner_project/static/scanIt/extracted_images/Rocky94UVM-08.24/Rocky94UVM-08.24.img
2024-10-28 11:15:14,168 - INFO - Deleted empty folder: /home/noc_admin/image_scanner_project/static/scanIt/extracted_images/Rocky94UVM-08.24
2024-10-28 11:16:06,923 - INFO - Initiating image upload to the Artifactory
2024-10-28 11:23:10,429 - INFO - Downloaded file to /home/noc_admin/image_scanner_project/downloads/Win2008R2_Std_NGT_AHV.tar.gz
2024-10-28 11:23:11,698 - INFO - Attempting to analyze tar file: /home/noc_admin/image_scanner_project/downloads/Win2008R2_Std_NGT_AHV.tar.gz
2024-10-28 11:27:29,321 - INFO - Image successfully uploaded to Artifactory https://repos.ntnxdpro.com/artifactory/vmtemplates-qa-vm-images/milos.mladenovic/Centos7UVM-2.1.qcow2.
2024-10-28 11:33:07,774 - INFO - Number of files in archive: 1
2024-10-28 11:33:07,775 - INFO - Total size of files: 51200.00 MB
2024-10-28 11:33:09,224 - INFO - Proceeding with file: Win2008R2_Std_NGT_AHV.img
2024-10-28 11:33:10,755 - INFO - Extracting Win2008R2_Std_NGT_AHV.img from /home/noc_admin/image_scanner_project/downloads/Win2008R2_Std_NGT_AHV.tar.gz to /home/noc_admin/image_scanner_project/static/scanIt/extracted_images/
2024-10-28 11:34:17,788 - INFO - Image successfully uploaded to Artifactory https://repos.ntnxdpro.com/artifactory/vmtemplates-qa-vm-images/milos.mladenovic/AHV/Windows/Win2008R2_Std_NGT_AHV.tar.gz.
2024-10-28 11:36:47,853 - INFO - Downloaded file to /home/noc_admin/image_scanner_project/downloads/Win2012_Std_NGT_AHV_RDP.tar.gz
2024-10-28 11:36:49,290 - INFO - Attempting to analyze tar file: /home/noc_admin/image_scanner_project/downloads/Win2012_Std_NGT_AHV_RDP.tar.gz
2024-10-28 11:43:31,511 - INFO - Number of files in archive: 1
2024-10-28 11:43:31,512 - INFO - Total size of files: 30720.00 MB
2024-10-28 11:43:33,144 - INFO - Proceeding with file: Win2012_Std_NGT_AHV_RDP.img
2024-10-28 11:43:34,416 - INFO - Extracting Win2012_Std_NGT_AHV_RDP.img from /home/noc_admin/image_scanner_project/downloads/Win2012_Std_NGT_AHV_RDP.tar.gz to /home/noc_admin/image_scanner_project/static/scanIt/extracted_images/
2024-10-28 11:46:13,150 - INFO - Extraction completed for Win2008R2_Std_NGT_AHV.img to /home/noc_admin/image_scanner_project/static/scanIt/extracted_images/
2024-10-28 11:46:13,293 - INFO - Deleted tar file from download path: /home/noc_admin/image_scanner_project/downloads/Win2008R2_Std_NGT_AHV.tar.gz
2024-10-28 11:46:13,351 - INFO - Extracted image URL: http://10.67.22.100/static/scanIt/extracted_images/Win2008R2_Std_NGT_AHV.img
2024-10-28 11:49:45,837 - INFO - Image successfully uploaded to Artifactory https://repos.ntnxdpro.com/artifactory/vmtemplates-qa-vm-images/milos.mladenovic/AHV/Windows/windows-rdp-images/Win2012_Std_NGT_AHV_RDP.tar.gz.
2024-10-28 11:52:13,459 - INFO - Extraction completed for Win2012_Std_NGT_AHV_RDP.img to /home/noc_admin/image_scanner_project/static/scanIt/extracted_images/
2024-10-28 11:52:13,983 - INFO - Deleted tar file from download path: /home/noc_admin/image_scanner_project/downloads/Win2012_Std_NGT_AHV_RDP.tar.gz
2024-10-28 11:52:14,040 - INFO - Extracted image URL: http://10.67.22.100/static/scanIt/extracted_images/Win2012_Std_NGT_AHV_RDP.img
2024-10-28 12:02:37,907 - INFO - Deleted file: /home/noc_admin/image_scanner_project/static/scanIt/extracted_images/Win2008R2_Std_NGT_AHV.img
2024-10-28 12:03:12,955 - INFO - Deleted file: /home/noc_admin/image_scanner_project/static/scanIt/extracted_images/Win2012_Std_NGT_AHV_RDP.img
2024-10-28 12:47:32,382 - INFO - Initiating image upload to the Artifactory
2024-10-28 12:53:57,639 - INFO - Image successfully uploaded to Artifactory https://repos.ntnxdpro.com/artifactory/vmtemplates-qa-vm-images/ivan.perkovic/Centos7UVM-2.1.qcow2.
2024-10-28 14:36:38,229 - INFO - Initiating image upload to the Artifactory
2024-10-28 14:43:30,282 - INFO - Image successfully uploaded to Artifactory https://repos.ntnxdpro.com/artifactory/vmtemplates-qa-vm-images/ivan.perkovic/Centos7UVM-2.1.qcow2.
2024-10-28 15:21:31,222 - INFO - Initiating image upload to the Artifactory
2024-10-28 15:21:31,271 - INFO - Initiating image upload to the Artifactory
2024-10-28 15:21:31,350 - INFO - Initiating image upload to the Artifactory
2024-10-28 15:21:31,610 - INFO - Initiating image upload to the Artifactory
2024-10-28 15:21:31,642 - ERROR - Failed to download image from URL. Status code: 404
2024-10-28 15:21:31,840 - INFO - File size: 1.13 GB
2024-10-28 15:21:31,842 - INFO - File size: 2.44 GB
2024-10-28 15:21:32,053 - INFO - File size: 0.58 GB
2024-10-28 15:21:33,099 - INFO - Downloading file to /home/noc_admin/image_scanner_project/downloads/UBUNTU18_UEFI.tar.gz
2024-10-28 15:21:33,372 - INFO - Downloading file to /home/noc_admin/image_scanner_project/downloads/CentosUVM-1.0.tar.gz
2024-10-28 15:21:33,537 - INFO - Downloading file to /home/noc_admin/image_scanner_project/downloads/centos74.tar.gz
2024-10-28 15:23:57,791 - INFO - CentOS7.5.tar.gz recived to be scaned. It is stored at: /home/noc_admin/image_scanner_project/downloads/CentOS7.5.tar.gz
2024-10-28 15:23:57,834 - INFO - Initiating image upload to the Artifactory
2024-10-28 15:23:57,876 - INFO - The file has been archived. File size: 862.84 MB. It needs to be extracted before uploading.
2024-10-28 15:24:10,314 - INFO - Number of files in archive: 11
2024-10-28 15:24:10,314 - INFO - Total size of files: 2420.38 MB
2024-10-28 15:24:11,842 - ERROR - Multiple files with the same extension '.vmdk' found: ['centos7.5-s001.vmdk', 'centos7.5-s002.vmdk', 'centos7.5-s003.vmdk', 'centos7.5-s004.vmdk', 'centos7.5-s005.vmdk', 'centos7.5-s006.vmdk', 'centos7.5-s007.vmdk', 'centos7.5-s008.vmdk', 'centos7.5-s009.vmdk', 'centos7.5.vmdk']. Process aborted.
2024-10-28 15:26:04,719 - INFO - Centos73Uefi.tar.gz recived to be scaned. It is stored at: /home/noc_admin/image_scanner_project/downloads/Centos73Uefi.tar.gz
2024-10-28 15:26:04,762 - INFO - Initiating image upload to the Artifactory
2024-10-28 15:26:04,806 - INFO - The file has been archived. File size: 658.25 MB. It needs to be extracted before uploading.
2024-10-28 15:26:17,552 - INFO - Downloaded file to /home/noc_admin/image_scanner_project/downloads/centos74.tar.gz
2024-10-28 15:26:18,791 - INFO - Attempting to analyze tar file: /home/noc_admin/image_scanner_project/downloads/centos74.tar.gz
2024-10-28 15:26:56,231 - INFO - Number of files in archive: 19
2024-10-28 15:26:56,231 - INFO - Total size of files: 18543.20 MB
2024-10-28 15:26:57,598 - INFO - Proceeding with file: Centos73Uefi/Centos73Uefi-flat.vmdk
2024-10-28 15:26:58,815 - INFO - Extracting Centos73Uefi/Centos73Uefi-flat.vmdk from /home/noc_admin/image_scanner_project/downloads/Centos73Uefi.tar.gz to /home/noc_admin/image_scanner_project/static/scanIt/extracted_images/
2024-10-28 15:27:16,257 - INFO - Image successfully uploaded to Artifactory https://repos.ntnxdpro.com/artifactory/vmtemplates-qa-vm-images/ivan.perkovic/centos74.tar.gz.
2024-10-28 15:27:49,825 - INFO - Initiating image upload to the Artifactory
2024-10-28 15:28:05,378 - INFO - Extraction completed for Centos73Uefi/Centos73Uefi-flat.vmdk to /home/noc_admin/image_scanner_project/static/scanIt/extracted_images/
2024-10-28 15:28:05,378 - INFO - Extracted image URL: http://10.67.22.100/static/scanIt/extracted_images/Centos73Uefi/Centos73Uefi-flat.vmdk
2024-10-28 15:28:07,017 - INFO - Image upload initiated successfully
2024-10-28 15:28:30,044 - INFO - Initiating image upload to the Artifactory
2024-10-28 15:28:30,480 - INFO - File size: 0.64 GB
2024-10-28 15:28:31,802 - INFO - Downloading file to /home/noc_admin/image_scanner_project/downloads/Centos73Uefi.tar.gz
2024-10-28 15:29:24,009 - INFO - Number of files in archive: 1
2024-10-28 15:29:24,010 - INFO - Total size of files: 16384.00 MB
2024-10-28 15:29:25,440 - INFO - Proceeding with file: centos74.img
2024-10-28 15:29:26,918 - INFO - Extracting centos74.img from /home/noc_admin/image_scanner_project/downloads/centos74.tar.gz to /home/noc_admin/image_scanner_project/static/scanIt/extracted_images/
2024-10-28 15:30:18,177 - INFO - Initiating image upload to the Artifactory
2024-10-28 15:30:30,334 - INFO - Image uploaded successfully to ivan.perkovic/CentOS7.5.tar.gz.
2024-10-28 15:30:34,841 - INFO - [Mailing] Process ID: dd2ea721-5809-47b7-9d6c-fbce5e8fc633, Source: /home/noc_admin/image_scanner_project/downloads/CentOS7.5.tar.gz - The mail with details about new image Artifactory path was successfully sent to: ivan.perkovic@nutanix.com
2024-10-28 15:30:34,842 - INFO - /home/noc_admin/image_scanner_project/downloads/CentOS7.5.tar.gz has been deleted successfully.
2024-10-28 15:32:27,126 - INFO - Image upload completed successfully
2024-10-28 15:32:31,425 - INFO - /home/noc_admin/image_scanner_project/static/scanIt/extracted_images/Centos73Uefi/Centos73Uefi-flat.vmdk has been deleted successfully.
2024-10-28 15:32:31,476 - INFO - Parent folder /home/noc_admin/image_scanner_project/static/scanIt/extracted_images/Centos73Uefi has been deleted successfully.
2024-10-28 15:32:40,529 - INFO - Downloaded file to /home/noc_admin/image_scanner_project/downloads/CentosUVM-1.0.tar.gz
2024-10-28 15:32:41,944 - INFO - Attempting to analyze tar file: /home/noc_admin/image_scanner_project/downloads/CentosUVM-1.0.tar.gz
2024-10-28 15:33:02,973 - INFO - Image successfully uploaded to Artifactory https://repos.ntnxdpro.com/artifactory/vmtemplates-qa-vm-images/ivan.perkovic/kvm/CentosUVM-1.0.tar.gz.
2024-10-28 15:33:32,451 - INFO - Extraction completed for centos74.img to /home/noc_admin/image_scanner_project/static/scanIt/extracted_images/
2024-10-28 15:33:32,635 - INFO - Deleted tar file from download path: /home/noc_admin/image_scanner_project/downloads/centos74.tar.gz
2024-10-28 15:33:32,795 - INFO - Extracted image URL: http://10.67.22.100/static/scanIt/extracted_images/centos74.img
2024-10-28 15:33:59,931 - INFO - Downloaded file to /home/noc_admin/image_scanner_project/downloads/Centos73Uefi.tar.gz
2024-10-28 15:34:01,350 - INFO - Attempting to analyze tar file: /home/noc_admin/image_scanner_project/downloads/Centos73Uefi.tar.gz
2024-10-28 15:34:48,578 - INFO - Number of files in archive: 1
2024-10-28 15:34:48,579 - INFO - Total size of files: 10240.00 MB
2024-10-28 15:34:49,927 - INFO - Proceeding with file: CentosUVM-1.0/CentosUVM-1.0.img
2024-10-28 15:34:51,207 - INFO - Extracting CentosUVM-1.0/CentosUVM-1.0.img from /home/noc_admin/image_scanner_project/downloads/CentosUVM-1.0.tar.gz to /home/noc_admin/image_scanner_project/static/scanIt/extracted_images/
2024-10-28 15:37:31,828 - INFO - Extraction completed for CentosUVM-1.0/CentosUVM-1.0.img to /home/noc_admin/image_scanner_project/static/scanIt/extracted_images/
2024-10-28 15:37:32,272 - INFO - Deleted tar file from download path: /home/noc_admin/image_scanner_project/downloads/CentosUVM-1.0.tar.gz
2024-10-28 15:37:32,327 - INFO - Extracted image URL: http://10.67.22.100/static/scanIt/extracted_images/CentosUVM-1.0/CentosUVM-1.0.img
2024-10-28 15:37:34,762 - INFO - Number of files in archive: 19
2024-10-28 15:37:34,763 - INFO - Total size of files: 18543.20 MB
2024-10-28 15:37:37,269 - INFO - Proceeding with file: Centos73Uefi/Centos73Uefi-flat.vmdk
2024-10-28 15:37:38,885 - INFO - Extracting Centos73Uefi/Centos73Uefi-flat.vmdk from /home/noc_admin/image_scanner_project/downloads/Centos73Uefi.tar.gz to /home/noc_admin/image_scanner_project/static/scanIt/extracted_images/
2024-10-28 15:38:11,925 - INFO - Deleted file: /home/noc_admin/image_scanner_project/static/scanIt/extracted_images/centos74.img
2024-10-28 15:38:48,265 - INFO - Image successfully uploaded to Artifactory https://repos.ntnxdpro.com/artifactory/vmtemplates-qa-vm-images/ivan.perkovic/vsphere/Centos73Uefi.tar.gz.
2024-10-28 15:40:49,375 - INFO - Image successfully uploaded to Artifactory https://repos.ntnxdpro.com/artifactory/vmtemplates-qa-vm-images/ivan.perkovic/ahv_guest_os/DSK/centos7_spectre.qcow2.
2024-10-28 15:40:52,534 - INFO - Downloaded file to /home/noc_admin/image_scanner_project/downloads/UBUNTU18_UEFI.tar.gz
2024-10-28 15:40:53,804 - INFO - Attempting to analyze tar file: /home/noc_admin/image_scanner_project/downloads/UBUNTU18_UEFI.tar.gz
2024-10-28 15:41:10,977 - INFO - Deleted file: /home/noc_admin/image_scanner_project/static/scanIt/extracted_images/CentosUVM-1.0/CentosUVM-1.0.img
2024-10-28 15:41:11,026 - INFO - Deleted empty folder: /home/noc_admin/image_scanner_project/static/scanIt/extracted_images/CentosUVM-1.0
2024-10-28 15:41:49,339 - INFO - Extraction completed for Centos73Uefi/Centos73Uefi-flat.vmdk to /home/noc_admin/image_scanner_project/static/scanIt/extracted_images/
2024-10-28 15:41:49,511 - INFO - Deleted tar file from download path: /home/noc_admin/image_scanner_project/downloads/Centos73Uefi.tar.gz
2024-10-28 15:41:49,560 - INFO - Extracted image URL: http://10.67.22.100/static/scanIt/extracted_images/Centos73Uefi/Centos73Uefi-flat.vmdk
2024-10-28 15:44:13,326 - INFO - Image successfully uploaded to Artifactory https://repos.ntnxdpro.com/artifactory/vmtemplates-qa-vm-images/ivan.perkovic/Centos7UVM-2.1.qcow2.
2024-10-28 15:46:13,374 - INFO - Deleted file: /home/noc_admin/image_scanner_project/static/scanIt/extracted_images/Centos73Uefi/Centos73Uefi-flat.vmdk
2024-10-28 15:46:13,426 - INFO - Deleted empty folder: /home/noc_admin/image_scanner_project/static/scanIt/extracted_images/Centos73Uefi
2024-10-28 15:47:09,125 - INFO - Number of files in archive: 7
2024-10-28 15:47:09,126 - INFO - Total size of files: 32768.51 MB
2024-10-28 15:47:10,601 - INFO - Proceeding with file: Ubuntu18_UEFI_0/Ubuntu18_UEFI_0-flat.vmdk
2024-10-28 15:47:12,071 - INFO - Extracting Ubuntu18_UEFI_0/Ubuntu18_UEFI_0-flat.vmdk from /home/noc_admin/image_scanner_project/downloads/UBUNTU18_UEFI.tar.gz to /home/noc_admin/image_scanner_project/static/scanIt/extracted_images/
2024-10-28 15:49:13,394 - INFO - Image successfully uploaded to Artifactory https://repos.ntnxdpro.com/artifactory/vmtemplates-qa-vm-images/ivan.perkovic/vsphere/UBUNTU18_UEFI.tar.gz.
2024-10-28 15:55:21,697 - INFO - Extraction completed for Ubuntu18_UEFI_0/Ubuntu18_UEFI_0-flat.vmdk to /home/noc_admin/image_scanner_project/static/scanIt/extracted_images/
2024-10-28 15:55:22,187 - INFO - Deleted tar file from download path: /home/noc_admin/image_scanner_project/downloads/UBUNTU18_UEFI.tar.gz
2024-10-28 15:55:22,240 - INFO - Extracted image URL: http://10.67.22.100/static/scanIt/extracted_images/Ubuntu18_UEFI_0/Ubuntu18_UEFI_0-flat.vmdk
2024-10-28 16:03:35,832 - INFO - Deleted file: /home/noc_admin/image_scanner_project/static/scanIt/extracted_images/Ubuntu18_UEFI_0/Ubuntu18_UEFI_0-flat.vmdk
2024-10-28 16:03:35,886 - INFO - Deleted empty folder: /home/noc_admin/image_scanner_project/static/scanIt/extracted_images/Ubuntu18_UEFI_0
2024-10-28 17:41:51,282 - INFO - Initiating image upload to the Artifactory
2024-10-28 17:48:36,390 - INFO - Image successfully uploaded to Artifactory https://repos.ntnxdpro.com/artifactory/vmtemplates-qa-vm-images/ivan.perkovic/Centos7UVM-2.1.qcow2.
2024-10-28 18:29:25,914 - INFO - Initiating image upload to the Artifactory
2024-10-28 18:37:27,121 - INFO - Image successfully uploaded to Artifactory https://repos.ntnxdpro.com/artifactory/vmtemplates-qa-vm-images/ivan.perkovic/Centos7UVM-2.1.qcow2.
2024-10-28 18:56:18,774 - INFO - Initiating image upload to the Artifactory
2024-10-28 19:03:44,731 - INFO - Image successfully uploaded to Artifactory https://repos.ntnxdpro.com/artifactory/vmtemplates-qa-vm-images/ivan.perkovic/Centos7UVM-2.1.qcow2.
2024-10-28 19:29:17,620 - INFO - Initiating image upload to the Artifactory
2024-10-28 19:29:18,485 - INFO - File size: 3.35 GB
2024-10-28 19:29:20,946 - INFO - Downloading file to /home/noc_admin/image_scanner_project/downloads/Win2008R2_Std_NGT_AHV.tar.gz
2024-10-28 19:38:52,071 - INFO - Downloaded file to /home/noc_admin/image_scanner_project/downloads/Win2008R2_Std_NGT_AHV.tar.gz
2024-10-28 19:38:53,536 - INFO - Attempting to analyze tar file: /home/noc_admin/image_scanner_project/downloads/Win2008R2_Std_NGT_AHV.tar.gz
